<?xml version="1.0" encoding="UTF-8"?>
<!-- Generated by org.testng.reporters.JUnitReportReporter -->
<testsuite hostname="LAPTOP-N1TLI8FE" name="TestNGG.MultiTest" tests="2" failures="0" timestamp="16 Nov 2021 17:19:36 GMT" time="8.732" errors="0">
  <testcase name="f" time="8.701" classname="TestNGG.MultiTest"/>
  <testcase name="M" time="0.031" classname="TestNGG.MultiTest"/>
</testsuite> <!-- TestNGG.MultiTest -->
