<?xml version="1.0" encoding="UTF-8"?>
<!-- Generated by org.testng.reporters.JUnitReportReporter -->
<testsuite hostname="LAPTOP-N1TLI8FE" name="TestNG.DependancyTest" tests="1" failures="0" timestamp="9 Jun 2019 18:59:17 GMT" time="44.368" errors="0">
  <testcase name="f" time="44.368" classname="TestNG.DependancyTest"/>
</testsuite> <!-- TestNG.DependancyTest -->
