<?xml version="1.0" encoding="UTF-8"?>
<!-- Generated by org.testng.reporters.JUnitReportReporter -->
<testsuite hostname="LAPTOP-N1TLI8FE" name="TestNG.DependancyTest2" tests="3" failures="0" timestamp="9 Jun 2019 19:23:36 GMT" time="86.625" errors="0">
  <testcase name="A" time="14.311" classname="TestNG.DependancyTest2"/>
  <testcase name="f" time="70.971" classname="TestNG.DependancyTest2"/>
  <testcase name="CheckTitle" time="1.343" classname="TestNG.DependancyTest2"/>
</testsuite> <!-- TestNG.DependancyTest2 -->
