<?xml version="1.0" encoding="UTF-8"?>
<!-- Generated by org.testng.reporters.JUnitReportReporter -->
<testsuite hostname="LAPTOP-N1TLI8FE" name="TestNG.GroupTest" tests="2" failures="0" timestamp="16 Nov 2021 17:15:10 GMT" time="0.020" errors="0">
  <testcase name="A" time="0.020" classname="TestNG.GroupTest"/>
  <testcase name="C" time="0.000" classname="TestNG.GroupTest"/>
</testsuite> <!-- TestNG.GroupTest -->
