<?xml version="1.0" encoding="UTF-8"?>
<!-- Generated by org.testng.reporters.JUnitReportReporter -->
<testsuite hostname="LAPTOP-N1TLI8FE" name="TestNGG.Basic" tests="1" failures="0" timestamp="16 Nov 2021 16:38:58 GMT" time="17.387" errors="0">
  <testcase name="f" time="17.387" classname="TestNGG.Basic"/>
</testsuite> <!-- TestNGG.Basic -->
