<?xml version="1.0" encoding="UTF-8"?>
<!-- Generated by org.testng.reporters.JUnitReportReporter -->
<testsuite hostname="LAPTOP-N1TLI8FE" name="TestNG.MultiTest" tests="2" failures="0" timestamp="16 Nov 2021 17:12:11 GMT" time="0.032" errors="0">
  <testcase name="B" time="0.032" classname="TestNG.MultiTest"/>
  <testcase name="C" time="0.000" classname="TestNG.MultiTest"/>
</testsuite> <!-- TestNG.MultiTest -->
