<?xml version="1.0" encoding="UTF-8"?>
<!-- Generated by org.testng.reporters.JUnitReportReporter -->
<testsuite hostname="LAPTOP-N1TLI8FE" name="TestNG.TestNG2" tests="1" failures="0" timestamp="16 Nov 2021 17:14:08 GMT" time="13.013" errors="0">
  <testcase name="f" time="13.013" classname="TestNG.TestNG2"/>
</testsuite> <!-- TestNG.TestNG2 -->
