<?xml version="1.0" encoding="UTF-8"?>
<!-- Generated by org.testng.reporters.JUnitReportReporter -->
<testsuite hostname="LAPTOP-N1TLI8FE" name="TestNGG.GroupTest" tests="3" failures="0" timestamp="16 Nov 2021 17:00:56 GMT" time="0.022" errors="0">
  <testcase name="P" time="0.000" classname="TestNGG.GroupTest"/>
  <testcase name="S" time="0.000" classname="TestNGG.GroupTest"/>
  <testcase name="D" time="0.022" classname="TestNGG.GroupTest"/>
</testsuite> <!-- TestNGG.GroupTest -->
