<?xml version="1.0" encoding="UTF-8"?>
<!-- Generated by org.testng.reporters.JUnitReportReporter -->
<testsuite hostname="LAPTOP-N1TLI8FE" name="TestNG.DepTest" tests="1" failures="0" timestamp="9 Jun 2019 19:21:18 GMT" time="91.595" errors="0">
  <testcase name="f" time="91.595" classname="TestNG.DepTest"/>
</testsuite> <!-- TestNG.DepTest -->
